This is e-upTeX, Version 3.141592653-p4.1.1-u1.30-230214-2.6 (utf8.euc) (TeX Live 2024) (preloaded format=platex 2024.4.1)  27 SEP 2024 12:44
entering extended mode
 restricted \write18 enabled.
 %&-line parsing enabled.
**latexmkrc
(./latexmkrc
pLaTeX2e <2023-02-14>+1, based on
LaTeX2e <2023-11-01> patch level 1
L3 programming layer <2024-02-20>
! You can't use `macro parameter character #' in vertical mode.
l.1 #
     !/usr/bin/env perl 
Here is how much of TeX's memory you used:
 17 strings out of 474774
 329 string characters out of 5758802
 1918032 words of memory out of 5000000
 22480 multiletter control sequences out of 15000+600000
 561940 words of font info for 53 fonts, out of 8000000 for 9000
 929 hyphenation exceptions out of 8191
 15i,0n,23p,64b,18s stack positions out of 10000i,1000n,20000p,200000b,200000s

No pages of output.
